{
  "stats": {
    "suites": 12,
    "tests": 41,
    "passes": 0,
    "pending": 0,
    "failures": 41,
    "start": "2022-07-04T17:53:21.712Z",
    "end": "2022-07-04T17:56:16.019Z",
    "duration": 174307,
    "testsRegistered": 41,
    "passPercent": 0,
    "pendingPercent": 0,
    "other": 0,
    "hasOther": false,
    "skipped": 0,
    "hasSkipped": false
  },
  "results": [
    {
      "uuid": "062169fe-e643-4740-a167-681038c48ce8",
      "title": "",
      "fullFile": "cypress/integration/project.spec.js",
      "file": "cypress/integration/project.spec.js",
      "beforeHooks": [],
      "afterHooks": [],
      "tests": [],
      "suites": [
        {
          "uuid": "c7fc5f23-bf25-4656-a145-3479d04e2423",
          "title": "1 - Adicione à página o título \"Paleta de Cores\".",
          "fullFile": "",
          "file": "",
          "beforeHooks": [],
          "afterHooks": [],
          "tests": [
            {
              "title": "Verifica se contém um elemento `h1` com o id `title` com o título correto",
              "fullTitle": "1 - Adicione à página o título \"Paleta de Cores\". Verifica se contém um elemento `h1` com o id `title` com o título correto",
              "timedOut": null,
              "duration": 4198,
              "state": "failed",
              "speed": null,
              "pass": false,
              "fail": true,
              "pending": false,
              "context": null,
              "code": "cy.get('h1#title').should('contain.text', 'Paleta de Cores');",
              "err": {
                "message": "CypressError: Timed out retrying: Expected to find element: 'h1#title', but never found it.",
                "estack": "CypressError: Timed out retrying: Expected to find element: 'h1#title', but never found it.\n    at cypressErr (http://localhost:42885/__cypress/runner/cypress_runner.js:149934:9)\n    at throwErr (http://localhost:42885/__cypress/runner/cypress_runner.js:149867:11)\n    at Object.throwErrByPath (http://localhost:42885/__cypress/runner/cypress_runner.js:149915:3)\n    at retry (http://localhost:42885/__cypress/runner/cypress_runner.js:144197:19)\n    at onFailFn (http://localhost:42885/__cypress/runner/cypress_runner.js:132448:16)\n    at tryCatcher (http://localhost:42885/__cypress/runner/cypress_runner.js:167415:23)\n    at Promise._settlePromiseFromHandler (http://localhost:42885/__cypress/runner/cypress_runner.js:165351:31)\n    at Promise._settlePromise (http://localhost:42885/__cypress/runner/cypress_runner.js:165408:18)\n    at Promise._settlePromise0 (http://localhost:42885/__cypress/runner/cypress_runner.js:165453:10)\n    at Promise._settlePromises (http://localhost:42885/__cypress/runner/cypress_runner.js:165528:18)\n    at Async../node_modules/bluebird/js/release/async.js.Async._drainQueue (http://localhost:42885/__cypress/runner/cypress_runner.js:162140:16)\n    at Async../node_modules/bluebird/js/release/async.js.Async._drainQueues (http://localhost:42885/__cypress/runner/cypress_runner.js:162150:10)\n    at Async.drainQueues (http://localhost:42885/__cypress/runner/cypress_runner.js:162024:14)",
                "diff": null
              },
              "uuid": "3c0a407f-fb0e-477b-a115-184915414c76",
              "parentUUID": "c7fc5f23-bf25-4656-a145-3479d04e2423",
              "isHook": false,
              "skipped": false
            }
          ],
          "suites": [],
          "passes": [],
          "failures": [
            "3c0a407f-fb0e-477b-a115-184915414c76"
          ],
          "pending": [],
          "skipped": [],
          "duration": 4198,
          "root": false,
          "rootEmpty": false,
          "_timeout": 2000
        },
        {
          "uuid": "07316db9-f225-4f22-aea3-9e75e7394ece",
          "title": "2 - Adicione à página uma paleta de quatro cores distintas.",
          "fullFile": "",
          "file": "",
          "beforeHooks": [],
          "afterHooks": [],
          "tests": [
            {
              "title": "A paleta de cores deve ser um elemento com `id` denominado `color-palette` e ter mais de 0px de altura e de largura.",
              "fullTitle": "2 - Adicione à página uma paleta de quatro cores distintas. A paleta de cores deve ser um elemento com `id` denominado `color-palette` e ter mais de 0px de altura e de largura.",
              "timedOut": null,
              "duration": 4192,
              "state": "failed",
              "speed": null,
              "pass": false,
              "fail": true,
              "pending": false,
              "context": null,
              "code": "cy.get('#color-palette').should('be.visible');\ncy.get('#color-palette').children('.color');",
              "err": {
                "message": "CypressError: Timed out retrying: Expected to find element: '#color-palette', but never found it.",
                "estack": "CypressError: Timed out retrying: Expected to find element: '#color-palette', but never found it.\n    at cypressErr (http://localhost:42885/__cypress/runner/cypress_runner.js:149934:9)\n    at throwErr (http://localhost:42885/__cypress/runner/cypress_runner.js:149867:11)\n    at Object.throwErrByPath (http://localhost:42885/__cypress/runner/cypress_runner.js:149915:3)\n    at retry (http://localhost:42885/__cypress/runner/cypress_runner.js:144197:19)\n    at onFailFn (http://localhost:42885/__cypress/runner/cypress_runner.js:132448:16)\n    at tryCatcher (http://localhost:42885/__cypress/runner/cypress_runner.js:167415:23)\n    at Promise._settlePromiseFromHandler (http://localhost:42885/__cypress/runner/cypress_runner.js:165351:31)\n    at Promise._settlePromise (http://localhost:42885/__cypress/runner/cypress_runner.js:165408:18)\n    at Promise._settlePromise0 (http://localhost:42885/__cypress/runner/cypress_runner.js:165453:10)\n    at Promise._settlePromises (http://localhost:42885/__cypress/runner/cypress_runner.js:165528:18)\n    at Async../node_modules/bluebird/js/release/async.js.Async._drainQueue (http://localhost:42885/__cypress/runner/cypress_runner.js:162140:16)\n    at Async../node_modules/bluebird/js/release/async.js.Async._drainQueues (http://localhost:42885/__cypress/runner/cypress_runner.js:162150:10)\n    at Async.drainQueues (http://localhost:42885/__cypress/runner/cypress_runner.js:162024:14)",
                "diff": null
              },
              "uuid": "428bf950-c515-420d-8b65-7178b3738cfa",
              "parentUUID": "07316db9-f225-4f22-aea3-9e75e7394ece",
              "isHook": false,
              "skipped": false
            },
            {
              "title": "Verifica se cada cor individual da paleta de cores possui a `classe` chamada `color`.",
              "fullTitle": "2 - Adicione à página uma paleta de quatro cores distintas. Verifica se cada cor individual da paleta de cores possui a `classe` chamada `color`.",
              "timedOut": null,
              "duration": 4209,
              "state": "failed",
              "speed": null,
              "pass": false,
              "fail": true,
              "pending": false,
              "context": null,
              "code": "cy.get('.color').should('have.length', 4).then(function (colors) {\n  for (var i = 0; i < colors.length; i++) {\n    cy.wrap(colors[i]).should('be.visible');\n  }\n});",
              "err": {
                "message": "CypressError: Timed out retrying: Expected to find element: '.color', but never found it.",
                "estack": "CypressError: Timed out retrying: Expected to find element: '.color', but never found it.\n    at cypressErr (http://localhost:42885/__cypress/runner/cypress_runner.js:149934:9)\n    at throwErr (http://localhost:42885/__cypress/runner/cypress_runner.js:149867:11)\n    at Object.throwErrByPath (http://localhost:42885/__cypress/runner/cypress_runner.js:149915:3)\n    at retry (http://localhost:42885/__cypress/runner/cypress_runner.js:144197:19)\n    at onFailFn (http://localhost:42885/__cypress/runner/cypress_runner.js:132448:16)\n    at tryCatcher (http://localhost:42885/__cypress/runner/cypress_runner.js:167415:23)\n    at Promise._settlePromiseFromHandler (http://localhost:42885/__cypress/runner/cypress_runner.js:165351:31)\n    at Promise._settlePromise (http://localhost:42885/__cypress/runner/cypress_runner.js:165408:18)\n    at Promise._settlePromise0 (http://localhost:42885/__cypress/runner/cypress_runner.js:165453:10)\n    at Promise._settlePromises (http://localhost:42885/__cypress/runner/cypress_runner.js:165528:18)\n    at Async../node_modules/bluebird/js/release/async.js.Async._drainQueue (http://localhost:42885/__cypress/runner/cypress_runner.js:162140:16)\n    at Async../node_modules/bluebird/js/release/async.js.Async._drainQueues (http://localhost:42885/__cypress/runner/cypress_runner.js:162150:10)\n    at Async.drainQueues (http://localhost:42885/__cypress/runner/cypress_runner.js:162024:14)",
                "diff": null
              },
              "uuid": "f6b656bb-f156-42ce-a6d6-144dadcb0033",
              "parentUUID": "07316db9-f225-4f22-aea3-9e75e7394ece",
              "isHook": false,
              "skipped": false
            },
            {
              "title": "Verifica se a cor de fundo de cada elemento da paleta é a cor que o elemento representa. **A única cor não permitida na paleta é a cor branca.**",
              "fullTitle": "2 - Adicione à página uma paleta de quatro cores distintas. Verifica se a cor de fundo de cada elemento da paleta é a cor que o elemento representa. **A única cor não permitida na paleta é a cor branca.**",
              "timedOut": null,
              "duration": 4239,
              "state": "failed",
              "speed": null,
              "pass": false,
              "fail": true,
              "pending": false,
              "context": null,
              "code": "cy.get('.color').each(function (color) {\n  cy.wrap(color).should('have.class', 'color').and('not.have.css', 'background-color', WHITE);\n  cy.wrap(color).should('have.css', 'background-color');\n});",
              "err": {
                "message": "CypressError: Timed out retrying: Expected to find element: '.color', but never found it.",
                "estack": "CypressError: Timed out retrying: Expected to find element: '.color', but never found it.\n    at cypressErr (http://localhost:42885/__cypress/runner/cypress_runner.js:149934:9)\n    at throwErr (http://localhost:42885/__cypress/runner/cypress_runner.js:149867:11)\n    at Object.throwErrByPath (http://localhost:42885/__cypress/runner/cypress_runner.js:149915:3)\n    at retry (http://localhost:42885/__cypress/runner/cypress_runner.js:144197:19)\n    at onFailFn (http://localhost:42885/__cypress/runner/cypress_runner.js:132448:16)\n    at tryCatcher (http://localhost:42885/__cypress/runner/cypress_runner.js:167415:23)\n    at Promise._settlePromiseFromHandler (http://localhost:42885/__cypress/runner/cypress_runner.js:165351:31)\n    at Promise._settlePromise (http://localhost:42885/__cypress/runner/cypress_runner.js:165408:18)\n    at Promise._settlePromise0 (http://localhost:42885/__cypress/runner/cypress_runner.js:165453:10)\n    at Promise._settlePromises (http://localhost:42885/__cypress/runner/cypress_runner.js:165528:18)\n    at Async../node_modules/bluebird/js/release/async.js.Async._drainQueue (http://localhost:42885/__cypress/runner/cypress_runner.js:162140:16)\n    at Async../node_modules/bluebird/js/release/async.js.Async._drainQueues (http://localhost:42885/__cypress/runner/cypress_runner.js:162150:10)\n    at Async.drainQueues (http://localhost:42885/__cypress/runner/cypress_runner.js:162024:14)",
                "diff": null
              },
              "uuid": "84f7d8e9-40cb-4b64-9f50-02c37db66c46",
              "parentUUID": "07316db9-f225-4f22-aea3-9e75e7394ece",
              "isHook": false,
              "skipped": false
            },
            {
              "title": "Verifica se cada elemento da paleta de cores tem uma borda preta, sólida e com 1 pixel de largura;",
              "fullTitle": "2 - Adicione à página uma paleta de quatro cores distintas. Verifica se cada elemento da paleta de cores tem uma borda preta, sólida e com 1 pixel de largura;",
              "timedOut": null,
              "duration": 4157,
              "state": "failed",
              "speed": null,
              "pass": false,
              "fail": true,
              "pending": false,
              "context": null,
              "code": "cy.get('.color').each(function (color) {\n  cy.wrap(color).and('have.css', 'border', \"1px solid \".concat(BLACK)).and('have.class', 'color');\n});",
              "err": {
                "message": "CypressError: Timed out retrying: Expected to find element: '.color', but never found it.",
                "estack": "CypressError: Timed out retrying: Expected to find element: '.color', but never found it.\n    at cypressErr (http://localhost:42885/__cypress/runner/cypress_runner.js:149934:9)\n    at throwErr (http://localhost:42885/__cypress/runner/cypress_runner.js:149867:11)\n    at Object.throwErrByPath (http://localhost:42885/__cypress/runner/cypress_runner.js:149915:3)\n    at retry (http://localhost:42885/__cypress/runner/cypress_runner.js:144197:19)\n    at onFailFn (http://localhost:42885/__cypress/runner/cypress_runner.js:132448:16)\n    at tryCatcher (http://localhost:42885/__cypress/runner/cypress_runner.js:167415:23)\n    at Promise._settlePromiseFromHandler (http://localhost:42885/__cypress/runner/cypress_runner.js:165351:31)\n    at Promise._settlePromise (http://localhost:42885/__cypress/runner/cypress_runner.js:165408:18)\n    at Promise._settlePromise0 (http://localhost:42885/__cypress/runner/cypress_runner.js:165453:10)\n    at Promise._settlePromises (http://localhost:42885/__cypress/runner/cypress_runner.js:165528:18)\n    at Async../node_modules/bluebird/js/release/async.js.Async._drainQueue (http://localhost:42885/__cypress/runner/cypress_runner.js:162140:16)\n    at Async../node_modules/bluebird/js/release/async.js.Async._drainQueues (http://localhost:42885/__cypress/runner/cypress_runner.js:162150:10)\n    at Async.drainQueues (http://localhost:42885/__cypress/runner/cypress_runner.js:162024:14)",
                "diff": null
              },
              "uuid": "4df9bffc-707c-4626-b81a-40d02af8fc75",
              "parentUUID": "07316db9-f225-4f22-aea3-9e75e7394ece",
              "isHook": false,
              "skipped": false
            },
            {
              "title": "Verifica se a paleta lista todas as cores disponíveis para utilização, lado a lado.",
              "fullTitle": "2 - Adicione à página uma paleta de quatro cores distintas. Verifica se a paleta lista todas as cores disponíveis para utilização, lado a lado.",
              "timedOut": null,
              "duration": 4203,
              "state": "failed",
              "speed": null,
              "pass": false,
              "fail": true,
              "pending": false,
              "context": null,
              "code": "cy.get('.color').then(function (colors) {\n  for (var index = 1; index < colors.length; index += 1) {\n    var currentColor = colors[index];\n    var previousColor = colors[index - 1];\n    cy.wrap(currentColor).should('be.onTheRightOf', previousColor).and('be.horizontallyAlignedWith', previousColor);\n  }\n});",
              "err": {
                "message": "CypressError: Timed out retrying: Expected to find element: '.color', but never found it.",
                "estack": "CypressError: Timed out retrying: Expected to find element: '.color', but never found it.\n    at cypressErr (http://localhost:42885/__cypress/runner/cypress_runner.js:149934:9)\n    at throwErr (http://localhost:42885/__cypress/runner/cypress_runner.js:149867:11)\n    at Object.throwErrByPath (http://localhost:42885/__cypress/runner/cypress_runner.js:149915:3)\n    at retry (http://localhost:42885/__cypress/runner/cypress_runner.js:144197:19)\n    at onFailFn (http://localhost:42885/__cypress/runner/cypress_runner.js:132448:16)\n    at tryCatcher (http://localhost:42885/__cypress/runner/cypress_runner.js:167415:23)\n    at Promise._settlePromiseFromHandler (http://localhost:42885/__cypress/runner/cypress_runner.js:165351:31)\n    at Promise._settlePromise (http://localhost:42885/__cypress/runner/cypress_runner.js:165408:18)\n    at Promise._settlePromise0 (http://localhost:42885/__cypress/runner/cypress_runner.js:165453:10)\n    at Promise._settlePromises (http://localhost:42885/__cypress/runner/cypress_runner.js:165528:18)\n    at Async../node_modules/bluebird/js/release/async.js.Async._drainQueue (http://localhost:42885/__cypress/runner/cypress_runner.js:162140:16)\n    at Async../node_modules/bluebird/js/release/async.js.Async._drainQueues (http://localhost:42885/__cypress/runner/cypress_runner.js:162150:10)\n    at Async.drainQueues (http://localhost:42885/__cypress/runner/cypress_runner.js:162024:14)",
                "diff": null
              },
              "uuid": "a72bcda8-e669-4ba6-bbea-7e747c93d353",
              "parentUUID": "07316db9-f225-4f22-aea3-9e75e7394ece",
              "isHook": false,
              "skipped": false
            },
            {
              "title": "Verifica se a paleta de cores está posicionada abaixo do título 'Paleta de Cores'",
              "fullTitle": "2 - Adicione à página uma paleta de quatro cores distintas. Verifica se a paleta de cores está posicionada abaixo do título 'Paleta de Cores'",
              "timedOut": null,
              "duration": 4248,
              "state": "failed",
              "speed": null,
              "pass": false,
              "fail": true,
              "pending": false,
              "context": null,
              "code": "cy.get('h1#title').then(function (title) {\n  cy.get('#color-palette').should('be.belowOf', title);\n});",
              "err": {
                "message": "CypressError: Timed out retrying: Expected to find element: 'h1#title', but never found it.",
                "estack": "CypressError: Timed out retrying: Expected to find element: 'h1#title', but never found it.\n    at cypressErr (http://localhost:42885/__cypress/runner/cypress_runner.js:149934:9)\n    at throwErr (http://localhost:42885/__cypress/runner/cypress_runner.js:149867:11)\n    at Object.throwErrByPath (http://localhost:42885/__cypress/runner/cypress_runner.js:149915:3)\n    at retry (http://localhost:42885/__cypress/runner/cypress_runner.js:144197:19)\n    at onFailFn (http://localhost:42885/__cypress/runner/cypress_runner.js:132448:16)\n    at tryCatcher (http://localhost:42885/__cypress/runner/cypress_runner.js:167415:23)\n    at Promise._settlePromiseFromHandler (http://localhost:42885/__cypress/runner/cypress_runner.js:165351:31)\n    at Promise._settlePromise (http://localhost:42885/__cypress/runner/cypress_runner.js:165408:18)\n    at Promise._settlePromise0 (http://localhost:42885/__cypress/runner/cypress_runner.js:165453:10)\n    at Promise._settlePromises (http://localhost:42885/__cypress/runner/cypress_runner.js:165528:18)\n    at Async../node_modules/bluebird/js/release/async.js.Async._drainQueue (http://localhost:42885/__cypress/runner/cypress_runner.js:162140:16)\n    at Async../node_modules/bluebird/js/release/async.js.Async._drainQueues (http://localhost:42885/__cypress/runner/cypress_runner.js:162150:10)\n    at Async.drainQueues (http://localhost:42885/__cypress/runner/cypress_runner.js:162024:14)",
                "diff": null
              },
              "uuid": "ee93ae16-e57b-4896-a658-470093283fd1",
              "parentUUID": "07316db9-f225-4f22-aea3-9e75e7394ece",
              "isHook": false,
              "skipped": false
            },
            {
              "title": "Verifica se a paleta de cores não contém cores repetidas.",
              "fullTitle": "2 - Adicione à página uma paleta de quatro cores distintas. Verifica se a paleta de cores não contém cores repetidas.",
              "timedOut": null,
              "duration": 4176,
              "state": "failed",
              "speed": null,
              "pass": false,
              "fail": true,
              "pending": false,
              "context": null,
              "code": "cy.get('.color').then(function (colors) {\n  var allColors = Array.from(colors).map(function (color) {\n    return Cypress.$(color).css('background-color');\n  });\n  cy.log(allColors);\n  var uniqColors = (0, _toConsumableArray2[\"default\"])(new Set(allColors));\n  cy.log(uniqColors);\n  expect(allColors.length).to.eq(uniqColors.length);\n});",
              "err": {
                "message": "CypressError: Timed out retrying: Expected to find element: '.color', but never found it.",
                "estack": "CypressError: Timed out retrying: Expected to find element: '.color', but never found it.\n    at cypressErr (http://localhost:42885/__cypress/runner/cypress_runner.js:149934:9)\n    at throwErr (http://localhost:42885/__cypress/runner/cypress_runner.js:149867:11)\n    at Object.throwErrByPath (http://localhost:42885/__cypress/runner/cypress_runner.js:149915:3)\n    at retry (http://localhost:42885/__cypress/runner/cypress_runner.js:144197:19)\n    at onFailFn (http://localhost:42885/__cypress/runner/cypress_runner.js:132448:16)\n    at tryCatcher (http://localhost:42885/__cypress/runner/cypress_runner.js:167415:23)\n    at Promise._settlePromiseFromHandler (http://localhost:42885/__cypress/runner/cypress_runner.js:165351:31)\n    at Promise._settlePromise (http://localhost:42885/__cypress/runner/cypress_runner.js:165408:18)\n    at Promise._settlePromise0 (http://localhost:42885/__cypress/runner/cypress_runner.js:165453:10)\n    at Promise._settlePromises (http://localhost:42885/__cypress/runner/cypress_runner.js:165528:18)\n    at Async../node_modules/bluebird/js/release/async.js.Async._drainQueue (http://localhost:42885/__cypress/runner/cypress_runner.js:162140:16)\n    at Async../node_modules/bluebird/js/release/async.js.Async._drainQueues (http://localhost:42885/__cypress/runner/cypress_runner.js:162150:10)\n    at Async.drainQueues (http://localhost:42885/__cypress/runner/cypress_runner.js:162024:14)",
                "diff": null
              },
              "uuid": "ab824bba-555b-474b-b346-79de82678549",
              "parentUUID": "07316db9-f225-4f22-aea3-9e75e7394ece",
              "isHook": false,
              "skipped": false
            }
          ],
          "suites": [],
          "passes": [],
          "failures": [
            "428bf950-c515-420d-8b65-7178b3738cfa",
            "f6b656bb-f156-42ce-a6d6-144dadcb0033",
            "84f7d8e9-40cb-4b64-9f50-02c37db66c46",
            "4df9bffc-707c-4626-b81a-40d02af8fc75",
            "a72bcda8-e669-4ba6-bbea-7e747c93d353",
            "ee93ae16-e57b-4896-a658-470093283fd1",
            "ab824bba-555b-474b-b346-79de82678549"
          ],
          "pending": [],
          "skipped": [],
          "duration": 29424,
          "root": false,
          "rootEmpty": false,
          "_timeout": 2000
        },
        {
          "uuid": "b4050e12-ae77-4afd-b081-d2514c4ca0b6",
          "title": "3 - Adicione a cor **preta** como a primeira cor da paleta de cores.",
          "fullFile": "",
          "file": "",
          "beforeHooks": [],
          "afterHooks": [],
          "tests": [
            {
              "title": "Verifica se a primeira cor da paleta é preta",
              "fullTitle": "3 - Adicione a cor **preta** como a primeira cor da paleta de cores. Verifica se a primeira cor da paleta é preta",
              "timedOut": null,
              "duration": 4304,
              "state": "failed",
              "speed": null,
              "pass": false,
              "fail": true,
              "pending": false,
              "context": null,
              "code": "cy.get('.color').first().should('have.css', 'background-color', BLACK);",
              "err": {
                "message": "CypressError: Timed out retrying: Expected to find element: '.color', but never found it.",
                "estack": "CypressError: Timed out retrying: Expected to find element: '.color', but never found it.\n    at cypressErr (http://localhost:42885/__cypress/runner/cypress_runner.js:149934:9)\n    at throwErr (http://localhost:42885/__cypress/runner/cypress_runner.js:149867:11)\n    at Object.throwErrByPath (http://localhost:42885/__cypress/runner/cypress_runner.js:149915:3)\n    at retry (http://localhost:42885/__cypress/runner/cypress_runner.js:144197:19)\n    at onFailFn (http://localhost:42885/__cypress/runner/cypress_runner.js:132448:16)\n    at tryCatcher (http://localhost:42885/__cypress/runner/cypress_runner.js:167415:23)\n    at Promise._settlePromiseFromHandler (http://localhost:42885/__cypress/runner/cypress_runner.js:165351:31)\n    at Promise._settlePromise (http://localhost:42885/__cypress/runner/cypress_runner.js:165408:18)\n    at Promise._settlePromise0 (http://localhost:42885/__cypress/runner/cypress_runner.js:165453:10)\n    at Promise._settlePromises (http://localhost:42885/__cypress/runner/cypress_runner.js:165528:18)\n    at Async../node_modules/bluebird/js/release/async.js.Async._drainQueue (http://localhost:42885/__cypress/runner/cypress_runner.js:162140:16)\n    at Async../node_modules/bluebird/js/release/async.js.Async._drainQueues (http://localhost:42885/__cypress/runner/cypress_runner.js:162150:10)\n    at Async.drainQueues (http://localhost:42885/__cypress/runner/cypress_runner.js:162024:14)",
                "diff": null
              },
              "uuid": "fb57c889-a1db-4c96-87b3-f8b3e0752d4f",
              "parentUUID": "b4050e12-ae77-4afd-b081-d2514c4ca0b6",
              "isHook": false,
              "skipped": false
            },
            {
              "title": "Verifica se as demais cores podem ser escolhidas livremente.",
              "fullTitle": "3 - Adicione a cor **preta** como a primeira cor da paleta de cores. Verifica se as demais cores podem ser escolhidas livremente.",
              "timedOut": null,
              "duration": 4196,
              "state": "failed",
              "speed": null,
              "pass": false,
              "fail": true,
              "pending": false,
              "context": null,
              "code": "cy.get('.color').eq(1).should('not.have.css', 'background-color', BLACK);\ncy.get('.color').eq(1).should('not.have.css', 'background-color', WHITE);\ncy.get('.color').eq(1).should('not.have.css', 'background-color', 'rgba(0, 0, 0, 0)');\ncy.get('.color').eq(1).should('have.css', 'background-color');\ncy.get('.color').eq(2).should('not.have.css', 'background-color', BLACK);\ncy.get('.color').eq(2).should('not.have.css', 'background-color', WHITE);\ncy.get('.color').eq(2).should('not.have.css', 'background-color', 'rgba(0, 0, 0, 0)');\ncy.get('.color').eq(2).should('have.css', 'background-color');\ncy.get('.color').eq(3).should('not.have.css', 'background-color', BLACK);\ncy.get('.color').eq(3).should('not.have.css', 'background-color', WHITE);\ncy.get('.color').eq(3).should('not.have.css', 'background-color', 'rgba(0, 0, 0, 0)');\ncy.get('.color').eq(3).should('have.css', 'background-color');",
              "err": {
                "message": "CypressError: Timed out retrying: Expected to find element: '.color', but never found it.",
                "estack": "CypressError: Timed out retrying: Expected to find element: '.color', but never found it.\n    at cypressErr (http://localhost:42885/__cypress/runner/cypress_runner.js:149934:9)\n    at throwErr (http://localhost:42885/__cypress/runner/cypress_runner.js:149867:11)\n    at Object.throwErrByPath (http://localhost:42885/__cypress/runner/cypress_runner.js:149915:3)\n    at retry (http://localhost:42885/__cypress/runner/cypress_runner.js:144197:19)\n    at onFailFn (http://localhost:42885/__cypress/runner/cypress_runner.js:132448:16)\n    at tryCatcher (http://localhost:42885/__cypress/runner/cypress_runner.js:167415:23)\n    at Promise._settlePromiseFromHandler (http://localhost:42885/__cypress/runner/cypress_runner.js:165351:31)\n    at Promise._settlePromise (http://localhost:42885/__cypress/runner/cypress_runner.js:165408:18)\n    at Promise._settlePromise0 (http://localhost:42885/__cypress/runner/cypress_runner.js:165453:10)\n    at Promise._settlePromises (http://localhost:42885/__cypress/runner/cypress_runner.js:165528:18)\n    at Async../node_modules/bluebird/js/release/async.js.Async._drainQueue (http://localhost:42885/__cypress/runner/cypress_runner.js:162140:16)\n    at Async../node_modules/bluebird/js/release/async.js.Async._drainQueues (http://localhost:42885/__cypress/runner/cypress_runner.js:162150:10)\n    at Async.drainQueues (http://localhost:42885/__cypress/runner/cypress_runner.js:162024:14)",
                "diff": null
              },
              "uuid": "57fc87e4-16f9-4127-9150-741da984a715",
              "parentUUID": "b4050e12-ae77-4afd-b081-d2514c4ca0b6",
              "isHook": false,
              "skipped": false
            }
          ],
          "suites": [],
          "passes": [],
          "failures": [
            "fb57c889-a1db-4c96-87b3-f8b3e0752d4f",
            "57fc87e4-16f9-4127-9150-741da984a715"
          ],
          "pending": [],
          "skipped": [],
          "duration": 8500,
          "root": false,
          "rootEmpty": false,
          "_timeout": 2000
        },
        {
          "uuid": "24f3d874-245e-46f3-a4d4-d5fee0ae8ffc",
          "title": "4 - Adicione à página um quadro de pixels, com 25 pixels.",
          "fullFile": "",
          "file": "",
          "beforeHooks": [],
          "afterHooks": [],
          "tests": [
            {
              "title": "Verifica se o quadro de pixels possui o `id` denominado `pixel-board`",
              "fullTitle": "4 - Adicione à página um quadro de pixels, com 25 pixels. Verifica se o quadro de pixels possui o `id` denominado `pixel-board`",
              "timedOut": null,
              "duration": 4180,
              "state": "failed",
              "speed": null,
              "pass": false,
              "fail": true,
              "pending": false,
              "context": null,
              "code": "cy.get('#pixel-board').should('be.visible');",
              "err": {
                "message": "CypressError: Timed out retrying: Expected to find element: '#pixel-board', but never found it.",
                "estack": "CypressError: Timed out retrying: Expected to find element: '#pixel-board', but never found it.\n    at cypressErr (http://localhost:42885/__cypress/runner/cypress_runner.js:149934:9)\n    at throwErr (http://localhost:42885/__cypress/runner/cypress_runner.js:149867:11)\n    at Object.throwErrByPath (http://localhost:42885/__cypress/runner/cypress_runner.js:149915:3)\n    at retry (http://localhost:42885/__cypress/runner/cypress_runner.js:144197:19)\n    at onFailFn (http://localhost:42885/__cypress/runner/cypress_runner.js:132448:16)\n    at tryCatcher (http://localhost:42885/__cypress/runner/cypress_runner.js:167415:23)\n    at Promise._settlePromiseFromHandler (http://localhost:42885/__cypress/runner/cypress_runner.js:165351:31)\n    at Promise._settlePromise (http://localhost:42885/__cypress/runner/cypress_runner.js:165408:18)\n    at Promise._settlePromise0 (http://localhost:42885/__cypress/runner/cypress_runner.js:165453:10)\n    at Promise._settlePromises (http://localhost:42885/__cypress/runner/cypress_runner.js:165528:18)\n    at Async../node_modules/bluebird/js/release/async.js.Async._drainQueue (http://localhost:42885/__cypress/runner/cypress_runner.js:162140:16)\n    at Async../node_modules/bluebird/js/release/async.js.Async._drainQueues (http://localhost:42885/__cypress/runner/cypress_runner.js:162150:10)\n    at Async.drainQueues (http://localhost:42885/__cypress/runner/cypress_runner.js:162024:14)",
                "diff": null
              },
              "uuid": "2c8e1513-2746-445d-911d-2fe4859ab92c",
              "parentUUID": "24f3d874-245e-46f3-a4d4-d5fee0ae8ffc",
              "isHook": false,
              "skipped": false
            },
            {
              "title": "Verifica se cada pixel individual dentro do quadro possui a `classe` denominada `pixel`.",
              "fullTitle": "4 - Adicione à página um quadro de pixels, com 25 pixels. Verifica se cada pixel individual dentro do quadro possui a `classe` denominada `pixel`.",
              "timedOut": null,
              "duration": 4208,
              "state": "failed",
              "speed": null,
              "pass": false,
              "fail": true,
              "pending": false,
              "context": null,
              "code": "cy.get('.pixel').should('have.length', 25);",
              "err": {
                "message": "CypressError: Timed out retrying: Expected to find element: '.pixel', but never found it.",
                "estack": "CypressError: Timed out retrying: Expected to find element: '.pixel', but never found it.\n    at cypressErr (http://localhost:42885/__cypress/runner/cypress_runner.js:149934:9)\n    at throwErr (http://localhost:42885/__cypress/runner/cypress_runner.js:149867:11)\n    at Object.throwErrByPath (http://localhost:42885/__cypress/runner/cypress_runner.js:149915:3)\n    at retry (http://localhost:42885/__cypress/runner/cypress_runner.js:144197:19)\n    at onFailFn (http://localhost:42885/__cypress/runner/cypress_runner.js:132448:16)\n    at tryCatcher (http://localhost:42885/__cypress/runner/cypress_runner.js:167415:23)\n    at Promise._settlePromiseFromHandler (http://localhost:42885/__cypress/runner/cypress_runner.js:165351:31)\n    at Promise._settlePromise (http://localhost:42885/__cypress/runner/cypress_runner.js:165408:18)\n    at Promise._settlePromise0 (http://localhost:42885/__cypress/runner/cypress_runner.js:165453:10)\n    at Promise._settlePromises (http://localhost:42885/__cypress/runner/cypress_runner.js:165528:18)\n    at Async../node_modules/bluebird/js/release/async.js.Async._drainQueue (http://localhost:42885/__cypress/runner/cypress_runner.js:162140:16)\n    at Async../node_modules/bluebird/js/release/async.js.Async._drainQueues (http://localhost:42885/__cypress/runner/cypress_runner.js:162150:10)\n    at Async.drainQueues (http://localhost:42885/__cypress/runner/cypress_runner.js:162024:14)",
                "diff": null
              },
              "uuid": "9f371af8-170c-43eb-ae71-c405cd19b453",
              "parentUUID": "24f3d874-245e-46f3-a4d4-d5fee0ae8ffc",
              "isHook": false,
              "skipped": false
            },
            {
              "title": "Verifica se a cor inicial dos pixels dentro do quadro, ao abrir a página, é branca.",
              "fullTitle": "4 - Adicione à página um quadro de pixels, com 25 pixels. Verifica se a cor inicial dos pixels dentro do quadro, ao abrir a página, é branca.",
              "timedOut": null,
              "duration": 4199,
              "state": "failed",
              "speed": null,
              "pass": false,
              "fail": true,
              "pending": false,
              "context": null,
              "code": "cy.get('.pixel').should('have.length', 25).each(function (pixel) {\n  expect(pixel).to.have.css('background-color', WHITE);\n});",
              "err": {
                "message": "CypressError: Timed out retrying: Expected to find element: '.pixel', but never found it.",
                "estack": "CypressError: Timed out retrying: Expected to find element: '.pixel', but never found it.\n    at cypressErr (http://localhost:42885/__cypress/runner/cypress_runner.js:149934:9)\n    at throwErr (http://localhost:42885/__cypress/runner/cypress_runner.js:149867:11)\n    at Object.throwErrByPath (http://localhost:42885/__cypress/runner/cypress_runner.js:149915:3)\n    at retry (http://localhost:42885/__cypress/runner/cypress_runner.js:144197:19)\n    at onFailFn (http://localhost:42885/__cypress/runner/cypress_runner.js:132448:16)\n    at tryCatcher (http://localhost:42885/__cypress/runner/cypress_runner.js:167415:23)\n    at Promise._settlePromiseFromHandler (http://localhost:42885/__cypress/runner/cypress_runner.js:165351:31)\n    at Promise._settlePromise (http://localhost:42885/__cypress/runner/cypress_runner.js:165408:18)\n    at Promise._settlePromise0 (http://localhost:42885/__cypress/runner/cypress_runner.js:165453:10)\n    at Promise._settlePromises (http://localhost:42885/__cypress/runner/cypress_runner.js:165528:18)\n    at Async../node_modules/bluebird/js/release/async.js.Async._drainQueue (http://localhost:42885/__cypress/runner/cypress_runner.js:162140:16)\n    at Async../node_modules/bluebird/js/release/async.js.Async._drainQueues (http://localhost:42885/__cypress/runner/cypress_runner.js:162150:10)\n    at Async.drainQueues (http://localhost:42885/__cypress/runner/cypress_runner.js:162024:14)",
                "diff": null
              },
              "uuid": "1d6d6339-fe78-4ffb-b1f0-c47b6e9066f9",
              "parentUUID": "24f3d874-245e-46f3-a4d4-d5fee0ae8ffc",
              "isHook": false,
              "skipped": false
            },
            {
              "title": "Verifica se o quadro de pixels aparece abaixo da paleta de cores",
              "fullTitle": "4 - Adicione à página um quadro de pixels, com 25 pixels. Verifica se o quadro de pixels aparece abaixo da paleta de cores",
              "timedOut": null,
              "duration": 4205,
              "state": "failed",
              "speed": null,
              "pass": false,
              "fail": true,
              "pending": false,
              "context": null,
              "code": "cy.get('#color-palette').then(function (palette) {\n  cy.get('#pixel-board').should('be.belowOf', palette);\n});",
              "err": {
                "message": "CypressError: Timed out retrying: Expected to find element: '#color-palette', but never found it.",
                "estack": "CypressError: Timed out retrying: Expected to find element: '#color-palette', but never found it.\n    at cypressErr (http://localhost:42885/__cypress/runner/cypress_runner.js:149934:9)\n    at throwErr (http://localhost:42885/__cypress/runner/cypress_runner.js:149867:11)\n    at Object.throwErrByPath (http://localhost:42885/__cypress/runner/cypress_runner.js:149915:3)\n    at retry (http://localhost:42885/__cypress/runner/cypress_runner.js:144197:19)\n    at onFailFn (http://localhost:42885/__cypress/runner/cypress_runner.js:132448:16)\n    at tryCatcher (http://localhost:42885/__cypress/runner/cypress_runner.js:167415:23)\n    at Promise._settlePromiseFromHandler (http://localhost:42885/__cypress/runner/cypress_runner.js:165351:31)\n    at Promise._settlePromise (http://localhost:42885/__cypress/runner/cypress_runner.js:165408:18)\n    at Promise._settlePromise0 (http://localhost:42885/__cypress/runner/cypress_runner.js:165453:10)\n    at Promise._settlePromises (http://localhost:42885/__cypress/runner/cypress_runner.js:165528:18)\n    at Async../node_modules/bluebird/js/release/async.js.Async._drainQueue (http://localhost:42885/__cypress/runner/cypress_runner.js:162140:16)\n    at Async../node_modules/bluebird/js/release/async.js.Async._drainQueues (http://localhost:42885/__cypress/runner/cypress_runner.js:162150:10)\n    at Async.drainQueues (http://localhost:42885/__cypress/runner/cypress_runner.js:162024:14)",
                "diff": null
              },
              "uuid": "261155a8-db38-4a0d-8391-49d407b6ea13",
              "parentUUID": "24f3d874-245e-46f3-a4d4-d5fee0ae8ffc",
              "isHook": false,
              "skipped": false
            }
          ],
          "suites": [],
          "passes": [],
          "failures": [
            "2c8e1513-2746-445d-911d-2fe4859ab92c",
            "9f371af8-170c-43eb-ae71-c405cd19b453",
            "1d6d6339-fe78-4ffb-b1f0-c47b6e9066f9",
            "261155a8-db38-4a0d-8391-49d407b6ea13"
          ],
          "pending": [],
          "skipped": [],
          "duration": 16792,
          "root": false,
          "rootEmpty": false,
          "_timeout": 2000
        },
        {
          "uuid": "dd39f2c3-6a9f-4d61-b5e1-b905e39b8d3c",
          "title": "5 - Faça com que cada elemento do quadro de pixels possua 40 pixels de largura, 40 pixels de altura e seja delimitado por uma borda preta de 1 pixel.",
          "fullFile": "",
          "file": "",
          "beforeHooks": [],
          "afterHooks": [],
          "tests": [
            {
              "title": "Verifica se o quadro de pixels tem altura e comprimento de 5 elementos",
              "fullTitle": "5 - Faça com que cada elemento do quadro de pixels possua 40 pixels de largura, 40 pixels de altura e seja delimitado por uma borda preta de 1 pixel. Verifica se o quadro de pixels tem altura e comprimento de 5 elementos",
              "timedOut": null,
              "duration": 4257,
              "state": "failed",
              "speed": null,
              "pass": false,
              "fail": true,
              "pending": false,
              "context": null,
              "code": "cy.get('.pixel').should('have.length', 25).each(function (pixel) {\n  expect(pixel).to.have.css('background-color', WHITE);\n}).and(function (pixels) {\n  var rows = chunk(pixels, 5);\n  rows.forEach(function (row) {\n    for (var index = 1; index < row.length; index += 1) {\n      var current = pixels[index];\n      var previous = pixels[index - 1];\n      cy.wrap(current).should('be.onTheRightOf', previous).and('be.horizontallyAlignedWith', previous);\n    }\n  });\n  for (var index = 1; index < 5; index += 1) {\n    expect(pixels[index * 5]).to.be.belowOf(pixels[(index - 1) * 5]);\n  }\n});",
              "err": {
                "message": "CypressError: Timed out retrying: Expected to find element: '.pixel', but never found it.",
                "estack": "CypressError: Timed out retrying: Expected to find element: '.pixel', but never found it.\n    at cypressErr (http://localhost:42885/__cypress/runner/cypress_runner.js:149934:9)\n    at throwErr (http://localhost:42885/__cypress/runner/cypress_runner.js:149867:11)\n    at Object.throwErrByPath (http://localhost:42885/__cypress/runner/cypress_runner.js:149915:3)\n    at retry (http://localhost:42885/__cypress/runner/cypress_runner.js:144197:19)\n    at onFailFn (http://localhost:42885/__cypress/runner/cypress_runner.js:132448:16)\n    at tryCatcher (http://localhost:42885/__cypress/runner/cypress_runner.js:167415:23)\n    at Promise._settlePromiseFromHandler (http://localhost:42885/__cypress/runner/cypress_runner.js:165351:31)\n    at Promise._settlePromise (http://localhost:42885/__cypress/runner/cypress_runner.js:165408:18)\n    at Promise._settlePromise0 (http://localhost:42885/__cypress/runner/cypress_runner.js:165453:10)\n    at Promise._settlePromises (http://localhost:42885/__cypress/runner/cypress_runner.js:165528:18)\n    at Async../node_modules/bluebird/js/release/async.js.Async._drainQueue (http://localhost:42885/__cypress/runner/cypress_runner.js:162140:16)\n    at Async../node_modules/bluebird/js/release/async.js.Async._drainQueues (http://localhost:42885/__cypress/runner/cypress_runner.js:162150:10)\n    at Async.drainQueues (http://localhost:42885/__cypress/runner/cypress_runner.js:162024:14)",
                "diff": null
              },
              "uuid": "21d270f0-8610-4ad9-a14f-175e1b842fe0",
              "parentUUID": "dd39f2c3-6a9f-4d61-b5e1-b905e39b8d3c",
              "isHook": false,
              "skipped": false
            },
            {
              "title": "Verifica se 40 pixels é o tamanho total do elemento, incluindo seu conteúdo e excluindo a borda preta, que deve ser criada à parte.",
              "fullTitle": "5 - Faça com que cada elemento do quadro de pixels possua 40 pixels de largura, 40 pixels de altura e seja delimitado por uma borda preta de 1 pixel. Verifica se 40 pixels é o tamanho total do elemento, incluindo seu conteúdo e excluindo a borda preta, que deve ser criada à parte.",
              "timedOut": null,
              "duration": 4273,
              "state": "failed",
              "speed": null,
              "pass": false,
              "fail": true,
              "pending": false,
              "context": null,
              "code": "cy.get('.pixel').each(function (pixel) {\n  cy.wrap(pixel).should('have.css', 'height', '40px').and('have.css', 'width', '40px').and('have.css', 'border', \"1px solid \".concat(BLACK));\n});",
              "err": {
                "message": "CypressError: Timed out retrying: Expected to find element: '.pixel', but never found it.",
                "estack": "CypressError: Timed out retrying: Expected to find element: '.pixel', but never found it.\n    at cypressErr (http://localhost:42885/__cypress/runner/cypress_runner.js:149934:9)\n    at throwErr (http://localhost:42885/__cypress/runner/cypress_runner.js:149867:11)\n    at Object.throwErrByPath (http://localhost:42885/__cypress/runner/cypress_runner.js:149915:3)\n    at retry (http://localhost:42885/__cypress/runner/cypress_runner.js:144197:19)\n    at onFailFn (http://localhost:42885/__cypress/runner/cypress_runner.js:132448:16)\n    at tryCatcher (http://localhost:42885/__cypress/runner/cypress_runner.js:167415:23)\n    at Promise._settlePromiseFromHandler (http://localhost:42885/__cypress/runner/cypress_runner.js:165351:31)\n    at Promise._settlePromise (http://localhost:42885/__cypress/runner/cypress_runner.js:165408:18)\n    at Promise._settlePromise0 (http://localhost:42885/__cypress/runner/cypress_runner.js:165453:10)\n    at Promise._settlePromises (http://localhost:42885/__cypress/runner/cypress_runner.js:165528:18)\n    at Async../node_modules/bluebird/js/release/async.js.Async._drainQueue (http://localhost:42885/__cypress/runner/cypress_runner.js:162140:16)\n    at Async../node_modules/bluebird/js/release/async.js.Async._drainQueues (http://localhost:42885/__cypress/runner/cypress_runner.js:162150:10)\n    at Async.drainQueues (http://localhost:42885/__cypress/runner/cypress_runner.js:162024:14)",
                "diff": null
              },
              "uuid": "0b98745a-9114-48ac-bef1-b3bf495ca685",
              "parentUUID": "dd39f2c3-6a9f-4d61-b5e1-b905e39b8d3c",
              "isHook": false,
              "skipped": false
            }
          ],
          "suites": [],
          "passes": [],
          "failures": [
            "21d270f0-8610-4ad9-a14f-175e1b842fe0",
            "0b98745a-9114-48ac-bef1-b3bf495ca685"
          ],
          "pending": [],
          "skipped": [],
          "duration": 8530,
          "root": false,
          "rootEmpty": false,
          "_timeout": 2000
        },
        {
          "uuid": "ba789770-6d75-43a9-aa13-bfc19f8089dd",
          "title": "6 - Defina a cor preta como cor inicial. Ao carregar a página a cor preta já deve estar selecionada para pintar os pixels",
          "fullFile": "",
          "file": "",
          "beforeHooks": [],
          "afterHooks": [],
          "tests": [
            {
              "title": "Verifica se o elemento da cor preta possui, inicialmente, a `classe` `selected`",
              "fullTitle": "6 - Defina a cor preta como cor inicial. Ao carregar a página a cor preta já deve estar selecionada para pintar os pixels Verifica se o elemento da cor preta possui, inicialmente, a `classe` `selected`",
              "timedOut": null,
              "duration": 4230,
              "state": "failed",
              "speed": null,
              "pass": false,
              "fail": true,
              "pending": false,
              "context": null,
              "code": "cy.get('.selected').first().should('have.css', 'background-color', BLACK);",
              "err": {
                "message": "CypressError: Timed out retrying: Expected to find element: '.selected', but never found it.",
                "estack": "CypressError: Timed out retrying: Expected to find element: '.selected', but never found it.\n    at cypressErr (http://localhost:42885/__cypress/runner/cypress_runner.js:149934:9)\n    at throwErr (http://localhost:42885/__cypress/runner/cypress_runner.js:149867:11)\n    at Object.throwErrByPath (http://localhost:42885/__cypress/runner/cypress_runner.js:149915:3)\n    at retry (http://localhost:42885/__cypress/runner/cypress_runner.js:144197:19)\n    at onFailFn (http://localhost:42885/__cypress/runner/cypress_runner.js:132448:16)\n    at tryCatcher (http://localhost:42885/__cypress/runner/cypress_runner.js:167415:23)\n    at Promise._settlePromiseFromHandler (http://localhost:42885/__cypress/runner/cypress_runner.js:165351:31)\n    at Promise._settlePromise (http://localhost:42885/__cypress/runner/cypress_runner.js:165408:18)\n    at Promise._settlePromise0 (http://localhost:42885/__cypress/runner/cypress_runner.js:165453:10)\n    at Promise._settlePromises (http://localhost:42885/__cypress/runner/cypress_runner.js:165528:18)\n    at Async../node_modules/bluebird/js/release/async.js.Async._drainQueue (http://localhost:42885/__cypress/runner/cypress_runner.js:162140:16)\n    at Async../node_modules/bluebird/js/release/async.js.Async._drainQueues (http://localhost:42885/__cypress/runner/cypress_runner.js:162150:10)\n    at Async.drainQueues (http://localhost:42885/__cypress/runner/cypress_runner.js:162024:14)",
                "diff": null
              },
              "uuid": "be98041c-d4e0-455f-9f19-ee4e3faf8193",
              "parentUUID": "ba789770-6d75-43a9-aa13-bfc19f8089dd",
              "isHook": false,
              "skipped": false
            },
            {
              "title": "Verifica se nenhuma outra cor da paleta tem a `classe` `selected`",
              "fullTitle": "6 - Defina a cor preta como cor inicial. Ao carregar a página a cor preta já deve estar selecionada para pintar os pixels Verifica se nenhuma outra cor da paleta tem a `classe` `selected`",
              "timedOut": null,
              "duration": 4178,
              "state": "failed",
              "speed": null,
              "pass": false,
              "fail": true,
              "pending": false,
              "context": null,
              "code": "cy.get('.color:not(:first-child)').each(function (color) {\n  cy.wrap(color).should('not.have.class', 'selected');\n});",
              "err": {
                "message": "CypressError: Timed out retrying: Expected to find element: '.color:not(:first-child)', but never found it.",
                "estack": "CypressError: Timed out retrying: Expected to find element: '.color:not(:first-child)', but never found it.\n    at cypressErr (http://localhost:42885/__cypress/runner/cypress_runner.js:149934:9)\n    at throwErr (http://localhost:42885/__cypress/runner/cypress_runner.js:149867:11)\n    at Object.throwErrByPath (http://localhost:42885/__cypress/runner/cypress_runner.js:149915:3)\n    at retry (http://localhost:42885/__cypress/runner/cypress_runner.js:144197:19)\n    at onFailFn (http://localhost:42885/__cypress/runner/cypress_runner.js:132448:16)\n    at tryCatcher (http://localhost:42885/__cypress/runner/cypress_runner.js:167415:23)\n    at Promise._settlePromiseFromHandler (http://localhost:42885/__cypress/runner/cypress_runner.js:165351:31)\n    at Promise._settlePromise (http://localhost:42885/__cypress/runner/cypress_runner.js:165408:18)\n    at Promise._settlePromise0 (http://localhost:42885/__cypress/runner/cypress_runner.js:165453:10)\n    at Promise._settlePromises (http://localhost:42885/__cypress/runner/cypress_runner.js:165528:18)\n    at Async../node_modules/bluebird/js/release/async.js.Async._drainQueue (http://localhost:42885/__cypress/runner/cypress_runner.js:162140:16)\n    at Async../node_modules/bluebird/js/release/async.js.Async._drainQueues (http://localhost:42885/__cypress/runner/cypress_runner.js:162150:10)\n    at Async.drainQueues (http://localhost:42885/__cypress/runner/cypress_runner.js:162024:14)",
                "diff": null
              },
              "uuid": "430e51cf-0a2b-453b-b746-b41f65032c8a",
              "parentUUID": "ba789770-6d75-43a9-aa13-bfc19f8089dd",
              "isHook": false,
              "skipped": false
            }
          ],
          "suites": [],
          "passes": [],
          "failures": [
            "be98041c-d4e0-455f-9f19-ee4e3faf8193",
            "430e51cf-0a2b-453b-b746-b41f65032c8a"
          ],
          "pending": [],
          "skipped": [],
          "duration": 8408,
          "root": false,
          "rootEmpty": false,
          "_timeout": 2000
        },
        {
          "uuid": "df173b74-c826-4dcf-8c28-9387f9a6952a",
          "title": "7 - Clicar em uma das cores da paleta, faz com que ela seja selecionada e utilizada para preencher os pixels no quadro.",
          "fullFile": "",
          "file": "",
          "beforeHooks": [],
          "afterHooks": [],
          "tests": [
            {
              "title": "Verifica se somente uma cor da paleta de cores tem a classe `selected` de cada vez",
              "fullTitle": "7 - Clicar em uma das cores da paleta, faz com que ela seja selecionada e utilizada para preencher os pixels no quadro. Verifica se somente uma cor da paleta de cores tem a classe `selected` de cada vez",
              "timedOut": null,
              "duration": 4219,
              "state": "failed",
              "speed": null,
              "pass": false,
              "fail": true,
              "pending": false,
              "context": null,
              "code": "cy.get('.color').each(function (selectedColor, selectedColorIndex) {\n  cy.wrap(selectedColor).click();\n  cy.get('.color').each(function (color, colorIndex) {\n    if (colorIndex === selectedColorIndex) {\n      expect(color).to.have[\"class\"]('selected');\n    } else {\n      expect(color).not.to.have[\"class\"]('selected');\n    }\n  });\n});",
              "err": {
                "message": "CypressError: Timed out retrying: Expected to find element: '.color', but never found it.",
                "estack": "CypressError: Timed out retrying: Expected to find element: '.color', but never found it.\n    at cypressErr (http://localhost:42885/__cypress/runner/cypress_runner.js:149934:9)\n    at throwErr (http://localhost:42885/__cypress/runner/cypress_runner.js:149867:11)\n    at Object.throwErrByPath (http://localhost:42885/__cypress/runner/cypress_runner.js:149915:3)\n    at retry (http://localhost:42885/__cypress/runner/cypress_runner.js:144197:19)\n    at onFailFn (http://localhost:42885/__cypress/runner/cypress_runner.js:132448:16)\n    at tryCatcher (http://localhost:42885/__cypress/runner/cypress_runner.js:167415:23)\n    at Promise._settlePromiseFromHandler (http://localhost:42885/__cypress/runner/cypress_runner.js:165351:31)\n    at Promise._settlePromise (http://localhost:42885/__cypress/runner/cypress_runner.js:165408:18)\n    at Promise._settlePromise0 (http://localhost:42885/__cypress/runner/cypress_runner.js:165453:10)\n    at Promise._settlePromises (http://localhost:42885/__cypress/runner/cypress_runner.js:165528:18)\n    at Async../node_modules/bluebird/js/release/async.js.Async._drainQueue (http://localhost:42885/__cypress/runner/cypress_runner.js:162140:16)\n    at Async../node_modules/bluebird/js/release/async.js.Async._drainQueues (http://localhost:42885/__cypress/runner/cypress_runner.js:162150:10)\n    at Async.drainQueues (http://localhost:42885/__cypress/runner/cypress_runner.js:162024:14)",
                "diff": null
              },
              "uuid": "a033ae42-7ed7-47eb-87cb-aa047629ecd9",
              "parentUUID": "df173b74-c826-4dcf-8c28-9387f9a6952a",
              "isHook": false,
              "skipped": false
            },
            {
              "title": "Verifica se os pixels dentro do quadro não têm a classe `selected` quando são clicados",
              "fullTitle": "7 - Clicar em uma das cores da paleta, faz com que ela seja selecionada e utilizada para preencher os pixels no quadro. Verifica se os pixels dentro do quadro não têm a classe `selected` quando são clicados",
              "timedOut": null,
              "duration": 4201,
              "state": "failed",
              "speed": null,
              "pass": false,
              "fail": true,
              "pending": false,
              "context": null,
              "code": "cy.get('.color').each(function (color) {\n  var backgroundColor = color.css('background-color');\n  cy.wrap(color).click();\n  cy.get('.pixel').each(function (pixel) {\n    cy.wrap(pixel).click().should('not.have.class', 'selected');\n  });\n});",
              "err": {
                "message": "CypressError: Timed out retrying: Expected to find element: '.color', but never found it.",
                "estack": "CypressError: Timed out retrying: Expected to find element: '.color', but never found it.\n    at cypressErr (http://localhost:42885/__cypress/runner/cypress_runner.js:149934:9)\n    at throwErr (http://localhost:42885/__cypress/runner/cypress_runner.js:149867:11)\n    at Object.throwErrByPath (http://localhost:42885/__cypress/runner/cypress_runner.js:149915:3)\n    at retry (http://localhost:42885/__cypress/runner/cypress_runner.js:144197:19)\n    at onFailFn (http://localhost:42885/__cypress/runner/cypress_runner.js:132448:16)\n    at tryCatcher (http://localhost:42885/__cypress/runner/cypress_runner.js:167415:23)\n    at Promise._settlePromiseFromHandler (http://localhost:42885/__cypress/runner/cypress_runner.js:165351:31)\n    at Promise._settlePromise (http://localhost:42885/__cypress/runner/cypress_runner.js:165408:18)\n    at Promise._settlePromise0 (http://localhost:42885/__cypress/runner/cypress_runner.js:165453:10)\n    at Promise._settlePromises (http://localhost:42885/__cypress/runner/cypress_runner.js:165528:18)\n    at Async../node_modules/bluebird/js/release/async.js.Async._drainQueue (http://localhost:42885/__cypress/runner/cypress_runner.js:162140:16)\n    at Async../node_modules/bluebird/js/release/async.js.Async._drainQueues (http://localhost:42885/__cypress/runner/cypress_runner.js:162150:10)\n    at Async.drainQueues (http://localhost:42885/__cypress/runner/cypress_runner.js:162024:14)",
                "diff": null
              },
              "uuid": "bd6f9c69-205a-4b9f-8f60-946e3a3087bd",
              "parentUUID": "df173b74-c826-4dcf-8c28-9387f9a6952a",
              "isHook": false,
              "skipped": false
            }
          ],
          "suites": [],
          "passes": [],
          "failures": [
            "a033ae42-7ed7-47eb-87cb-aa047629ecd9",
            "bd6f9c69-205a-4b9f-8f60-946e3a3087bd"
          ],
          "pending": [],
          "skipped": [],
          "duration": 8420,
          "root": false,
          "rootEmpty": false,
          "_timeout": 2000
        },
        {
          "uuid": "8b9d2656-a522-42fb-b00b-9f892cb82b48",
          "title": "8 - Clicar em um pixel dentro do quadro após selecionar uma cor na paleta, faz com que o pixel seja preenchido com a cor selecionada.",
          "fullFile": "",
          "file": "",
          "beforeHooks": [],
          "afterHooks": [],
          "tests": [
            {
              "title": "Verifica se ao carregar a página deve ser possível pintar os pixels de preto",
              "fullTitle": "8 - Clicar em um pixel dentro do quadro após selecionar uma cor na paleta, faz com que o pixel seja preenchido com a cor selecionada. Verifica se ao carregar a página deve ser possível pintar os pixels de preto",
              "timedOut": null,
              "duration": 4189,
              "state": "failed",
              "speed": null,
              "pass": false,
              "fail": true,
              "pending": false,
              "context": null,
              "code": "cy.get('.pixel').each(function (pixel) {\n  cy.wrap(pixel).click().should('have.css', 'background-color', BLACK);\n});",
              "err": {
                "message": "CypressError: Timed out retrying: Expected to find element: '.pixel', but never found it.",
                "estack": "CypressError: Timed out retrying: Expected to find element: '.pixel', but never found it.\n    at cypressErr (http://localhost:42885/__cypress/runner/cypress_runner.js:149934:9)\n    at throwErr (http://localhost:42885/__cypress/runner/cypress_runner.js:149867:11)\n    at Object.throwErrByPath (http://localhost:42885/__cypress/runner/cypress_runner.js:149915:3)\n    at retry (http://localhost:42885/__cypress/runner/cypress_runner.js:144197:19)\n    at onFailFn (http://localhost:42885/__cypress/runner/cypress_runner.js:132448:16)\n    at tryCatcher (http://localhost:42885/__cypress/runner/cypress_runner.js:167415:23)\n    at Promise._settlePromiseFromHandler (http://localhost:42885/__cypress/runner/cypress_runner.js:165351:31)\n    at Promise._settlePromise (http://localhost:42885/__cypress/runner/cypress_runner.js:165408:18)\n    at Promise._settlePromise0 (http://localhost:42885/__cypress/runner/cypress_runner.js:165453:10)\n    at Promise._settlePromises (http://localhost:42885/__cypress/runner/cypress_runner.js:165528:18)\n    at Async../node_modules/bluebird/js/release/async.js.Async._drainQueue (http://localhost:42885/__cypress/runner/cypress_runner.js:162140:16)\n    at Async../node_modules/bluebird/js/release/async.js.Async._drainQueues (http://localhost:42885/__cypress/runner/cypress_runner.js:162150:10)\n    at Async.drainQueues (http://localhost:42885/__cypress/runner/cypress_runner.js:162024:14)",
                "diff": null
              },
              "uuid": "51ce44d3-c215-4acc-bf68-730c50a8a14f",
              "parentUUID": "8b9d2656-a522-42fb-b00b-9f892cb82b48",
              "isHook": false,
              "skipped": false
            },
            {
              "title": "Verifica se após selecionar uma outra cor na paleta, é possível pintar os pixels com essa cor",
              "fullTitle": "8 - Clicar em um pixel dentro do quadro após selecionar uma cor na paleta, faz com que o pixel seja preenchido com a cor selecionada. Verifica se após selecionar uma outra cor na paleta, é possível pintar os pixels com essa cor",
              "timedOut": null,
              "duration": 4244,
              "state": "failed",
              "speed": null,
              "pass": false,
              "fail": true,
              "pending": false,
              "context": null,
              "code": "cy.get('.color').each(function (color) {\n  var backgroundColor = color.css('background-color');\n  cy.wrap(color).click();\n  cy.get('.pixel').each(function (pixel) {\n    cy.wrap(pixel).click().should('have.css', 'background-color', backgroundColor);\n  });\n});",
              "err": {
                "message": "CypressError: Timed out retrying: Expected to find element: '.color', but never found it.",
                "estack": "CypressError: Timed out retrying: Expected to find element: '.color', but never found it.\n    at cypressErr (http://localhost:42885/__cypress/runner/cypress_runner.js:149934:9)\n    at throwErr (http://localhost:42885/__cypress/runner/cypress_runner.js:149867:11)\n    at Object.throwErrByPath (http://localhost:42885/__cypress/runner/cypress_runner.js:149915:3)\n    at retry (http://localhost:42885/__cypress/runner/cypress_runner.js:144197:19)\n    at onFailFn (http://localhost:42885/__cypress/runner/cypress_runner.js:132448:16)\n    at tryCatcher (http://localhost:42885/__cypress/runner/cypress_runner.js:167415:23)\n    at Promise._settlePromiseFromHandler (http://localhost:42885/__cypress/runner/cypress_runner.js:165351:31)\n    at Promise._settlePromise (http://localhost:42885/__cypress/runner/cypress_runner.js:165408:18)\n    at Promise._settlePromise0 (http://localhost:42885/__cypress/runner/cypress_runner.js:165453:10)\n    at Promise._settlePromises (http://localhost:42885/__cypress/runner/cypress_runner.js:165528:18)\n    at Async../node_modules/bluebird/js/release/async.js.Async._drainQueue (http://localhost:42885/__cypress/runner/cypress_runner.js:162140:16)\n    at Async../node_modules/bluebird/js/release/async.js.Async._drainQueues (http://localhost:42885/__cypress/runner/cypress_runner.js:162150:10)\n    at Async.drainQueues (http://localhost:42885/__cypress/runner/cypress_runner.js:162024:14)",
                "diff": null
              },
              "uuid": "dce12640-0e7c-4e4a-80db-3b63a862c6b6",
              "parentUUID": "8b9d2656-a522-42fb-b00b-9f892cb82b48",
              "isHook": false,
              "skipped": false
            },
            {
              "title": "Verifica se somente o pixel que foi clicado foi preenchido com a cor selecionada, sem influenciar na cor dos demais pixels.",
              "fullTitle": "8 - Clicar em um pixel dentro do quadro após selecionar uma cor na paleta, faz com que o pixel seja preenchido com a cor selecionada. Verifica se somente o pixel que foi clicado foi preenchido com a cor selecionada, sem influenciar na cor dos demais pixels.",
              "timedOut": null,
              "duration": 4230,
              "state": "failed",
              "speed": null,
              "pass": false,
              "fail": true,
              "pending": false,
              "context": null,
              "code": "var colorToPixelIndexMap = {\n  0: 6,\n  1: 8,\n  2: 16,\n  3: 18\n};\ncy.get('.color').each(function (color, index) {\n  cy.wrap(color).click();\n  var backgroundColor = color.css('background-color');\n  var clickedPixelIndex = colorToPixelIndexMap[index];\n  cy.get('.pixel').eq(clickedPixelIndex).click();\n  cy.get('.pixel').eq(clickedPixelIndex - 1).should('not.have.css', 'background-color', backgroundColor);\n  cy.get('.pixel').eq(clickedPixelIndex + 1).should('not.have.css', 'background-color', backgroundColor);\n  cy.get('.pixel').eq(clickedPixelIndex - 5).should('not.have.css', 'background-color', backgroundColor);\n  cy.get('.pixel').eq(clickedPixelIndex + 5).should('not.have.css', 'background-color', backgroundColor);\n  cy.get('.pixel').eq(clickedPixelIndex - 6).should('not.have.css', 'background-color', backgroundColor);\n  cy.get('.pixel').eq(clickedPixelIndex - 4).should('not.have.css', 'background-color', backgroundColor);\n  cy.get('.pixel').eq(clickedPixelIndex + 4).should('not.have.css', 'background-color', backgroundColor);\n  cy.get('.pixel').eq(clickedPixelIndex + 6).should('not.have.css', 'background-color', backgroundColor);\n});",
              "err": {
                "message": "CypressError: Timed out retrying: Expected to find element: '.color', but never found it.",
                "estack": "CypressError: Timed out retrying: Expected to find element: '.color', but never found it.\n    at cypressErr (http://localhost:42885/__cypress/runner/cypress_runner.js:149934:9)\n    at throwErr (http://localhost:42885/__cypress/runner/cypress_runner.js:149867:11)\n    at Object.throwErrByPath (http://localhost:42885/__cypress/runner/cypress_runner.js:149915:3)\n    at retry (http://localhost:42885/__cypress/runner/cypress_runner.js:144197:19)\n    at onFailFn (http://localhost:42885/__cypress/runner/cypress_runner.js:132448:16)\n    at tryCatcher (http://localhost:42885/__cypress/runner/cypress_runner.js:167415:23)\n    at Promise._settlePromiseFromHandler (http://localhost:42885/__cypress/runner/cypress_runner.js:165351:31)\n    at Promise._settlePromise (http://localhost:42885/__cypress/runner/cypress_runner.js:165408:18)\n    at Promise._settlePromise0 (http://localhost:42885/__cypress/runner/cypress_runner.js:165453:10)\n    at Promise._settlePromises (http://localhost:42885/__cypress/runner/cypress_runner.js:165528:18)\n    at Async../node_modules/bluebird/js/release/async.js.Async._drainQueue (http://localhost:42885/__cypress/runner/cypress_runner.js:162140:16)\n    at Async../node_modules/bluebird/js/release/async.js.Async._drainQueues (http://localhost:42885/__cypress/runner/cypress_runner.js:162150:10)\n    at Async.drainQueues (http://localhost:42885/__cypress/runner/cypress_runner.js:162024:14)",
                "diff": null
              },
              "uuid": "45d3767d-405e-48fd-8e8d-164ccdf834a7",
              "parentUUID": "8b9d2656-a522-42fb-b00b-9f892cb82b48",
              "isHook": false,
              "skipped": false
            }
          ],
          "suites": [],
          "passes": [],
          "failures": [
            "51ce44d3-c215-4acc-bf68-730c50a8a14f",
            "dce12640-0e7c-4e4a-80db-3b63a862c6b6",
            "45d3767d-405e-48fd-8e8d-164ccdf834a7"
          ],
          "pending": [],
          "skipped": [],
          "duration": 12663,
          "root": false,
          "rootEmpty": false,
          "_timeout": 2000
        },
        {
          "uuid": "7456756a-56a6-4883-bd78-cd1dc915f1e1",
          "title": "9 - Crie um botão que, ao ser clicado, limpa o quadro preenchendo a cor de todos seus pixels com branco.",
          "fullFile": "",
          "file": "",
          "beforeHooks": [],
          "afterHooks": [],
          "tests": [
            {
              "title": "Verifica se o botão tem o `id` denominado `clear-board`",
              "fullTitle": "9 - Crie um botão que, ao ser clicado, limpa o quadro preenchendo a cor de todos seus pixels com branco. Verifica se o botão tem o `id` denominado `clear-board`",
              "timedOut": null,
              "duration": 4217,
              "state": "failed",
              "speed": null,
              "pass": false,
              "fail": true,
              "pending": false,
              "context": null,
              "code": "cy.get('#clear-board').should('be.visible');",
              "err": {
                "message": "CypressError: Timed out retrying: Expected to find element: '#clear-board', but never found it.",
                "estack": "CypressError: Timed out retrying: Expected to find element: '#clear-board', but never found it.\n    at cypressErr (http://localhost:42885/__cypress/runner/cypress_runner.js:149934:9)\n    at throwErr (http://localhost:42885/__cypress/runner/cypress_runner.js:149867:11)\n    at Object.throwErrByPath (http://localhost:42885/__cypress/runner/cypress_runner.js:149915:3)\n    at retry (http://localhost:42885/__cypress/runner/cypress_runner.js:144197:19)\n    at onFailFn (http://localhost:42885/__cypress/runner/cypress_runner.js:132448:16)\n    at tryCatcher (http://localhost:42885/__cypress/runner/cypress_runner.js:167415:23)\n    at Promise._settlePromiseFromHandler (http://localhost:42885/__cypress/runner/cypress_runner.js:165351:31)\n    at Promise._settlePromise (http://localhost:42885/__cypress/runner/cypress_runner.js:165408:18)\n    at Promise._settlePromise0 (http://localhost:42885/__cypress/runner/cypress_runner.js:165453:10)\n    at Promise._settlePromises (http://localhost:42885/__cypress/runner/cypress_runner.js:165528:18)\n    at Async../node_modules/bluebird/js/release/async.js.Async._drainQueue (http://localhost:42885/__cypress/runner/cypress_runner.js:162140:16)\n    at Async../node_modules/bluebird/js/release/async.js.Async._drainQueues (http://localhost:42885/__cypress/runner/cypress_runner.js:162150:10)\n    at Async.drainQueues (http://localhost:42885/__cypress/runner/cypress_runner.js:162024:14)",
                "diff": null
              },
              "uuid": "208fab17-bb8c-4ba8-adac-aac60e1b06f8",
              "parentUUID": "7456756a-56a6-4883-bd78-cd1dc915f1e1",
              "isHook": false,
              "skipped": false
            },
            {
              "title": "Verifica se o botão está posicionado entre a paleta de cores e o quadro de pixels",
              "fullTitle": "9 - Crie um botão que, ao ser clicado, limpa o quadro preenchendo a cor de todos seus pixels com branco. Verifica se o botão está posicionado entre a paleta de cores e o quadro de pixels",
              "timedOut": null,
              "duration": 4237,
              "state": "failed",
              "speed": null,
              "pass": false,
              "fail": true,
              "pending": false,
              "context": null,
              "code": "cy.get('#color-palette').then(function (palette) {\n  cy.get('#clear-board').should('be.belowOf', palette);\n});\ncy.get('#clear-board').then(function (clearBtn) {\n  cy.get('#pixel-board').should('be.belowOf', clearBtn);\n});",
              "err": {
                "message": "CypressError: Timed out retrying: Expected to find element: '#color-palette', but never found it.",
                "estack": "CypressError: Timed out retrying: Expected to find element: '#color-palette', but never found it.\n    at cypressErr (http://localhost:42885/__cypress/runner/cypress_runner.js:149934:9)\n    at throwErr (http://localhost:42885/__cypress/runner/cypress_runner.js:149867:11)\n    at Object.throwErrByPath (http://localhost:42885/__cypress/runner/cypress_runner.js:149915:3)\n    at retry (http://localhost:42885/__cypress/runner/cypress_runner.js:144197:19)\n    at onFailFn (http://localhost:42885/__cypress/runner/cypress_runner.js:132448:16)\n    at tryCatcher (http://localhost:42885/__cypress/runner/cypress_runner.js:167415:23)\n    at Promise._settlePromiseFromHandler (http://localhost:42885/__cypress/runner/cypress_runner.js:165351:31)\n    at Promise._settlePromise (http://localhost:42885/__cypress/runner/cypress_runner.js:165408:18)\n    at Promise._settlePromise0 (http://localhost:42885/__cypress/runner/cypress_runner.js:165453:10)\n    at Promise._settlePromises (http://localhost:42885/__cypress/runner/cypress_runner.js:165528:18)\n    at Async../node_modules/bluebird/js/release/async.js.Async._drainQueue (http://localhost:42885/__cypress/runner/cypress_runner.js:162140:16)\n    at Async../node_modules/bluebird/js/release/async.js.Async._drainQueues (http://localhost:42885/__cypress/runner/cypress_runner.js:162150:10)\n    at Async.drainQueues (http://localhost:42885/__cypress/runner/cypress_runner.js:162024:14)",
                "diff": null
              },
              "uuid": "d369bbde-dc41-4ce2-9e53-3cfd458c8b44",
              "parentUUID": "7456756a-56a6-4883-bd78-cd1dc915f1e1",
              "isHook": false,
              "skipped": false
            },
            {
              "title": "Verifica se o texto do botão é 'Limpar'",
              "fullTitle": "9 - Crie um botão que, ao ser clicado, limpa o quadro preenchendo a cor de todos seus pixels com branco. Verifica se o texto do botão é 'Limpar'",
              "timedOut": null,
              "duration": 4245,
              "state": "failed",
              "speed": null,
              "pass": false,
              "fail": true,
              "pending": false,
              "context": null,
              "code": "cy.get('#clear-board').should('contain.text', 'Limpar');",
              "err": {
                "message": "CypressError: Timed out retrying: Expected to find element: '#clear-board', but never found it.",
                "estack": "CypressError: Timed out retrying: Expected to find element: '#clear-board', but never found it.\n    at cypressErr (http://localhost:42885/__cypress/runner/cypress_runner.js:149934:9)\n    at throwErr (http://localhost:42885/__cypress/runner/cypress_runner.js:149867:11)\n    at Object.throwErrByPath (http://localhost:42885/__cypress/runner/cypress_runner.js:149915:3)\n    at retry (http://localhost:42885/__cypress/runner/cypress_runner.js:144197:19)\n    at onFailFn (http://localhost:42885/__cypress/runner/cypress_runner.js:132448:16)\n    at tryCatcher (http://localhost:42885/__cypress/runner/cypress_runner.js:167415:23)\n    at Promise._settlePromiseFromHandler (http://localhost:42885/__cypress/runner/cypress_runner.js:165351:31)\n    at Promise._settlePromise (http://localhost:42885/__cypress/runner/cypress_runner.js:165408:18)\n    at Promise._settlePromise0 (http://localhost:42885/__cypress/runner/cypress_runner.js:165453:10)\n    at Promise._settlePromises (http://localhost:42885/__cypress/runner/cypress_runner.js:165528:18)\n    at Async../node_modules/bluebird/js/release/async.js.Async._drainQueue (http://localhost:42885/__cypress/runner/cypress_runner.js:162140:16)\n    at Async../node_modules/bluebird/js/release/async.js.Async._drainQueues (http://localhost:42885/__cypress/runner/cypress_runner.js:162150:10)\n    at Async.drainQueues (http://localhost:42885/__cypress/runner/cypress_runner.js:162024:14)",
                "diff": null
              },
              "uuid": "f915d289-21fd-4cfc-b66e-350aef731acc",
              "parentUUID": "7456756a-56a6-4883-bd78-cd1dc915f1e1",
              "isHook": false,
              "skipped": false
            },
            {
              "title": "Verifica se ao clicar no botão, o quadro de pixels é totalmente preenchido de branco",
              "fullTitle": "9 - Crie um botão que, ao ser clicado, limpa o quadro preenchendo a cor de todos seus pixels com branco. Verifica se ao clicar no botão, o quadro de pixels é totalmente preenchido de branco",
              "timedOut": null,
              "duration": 4240,
              "state": "failed",
              "speed": null,
              "pass": false,
              "fail": true,
              "pending": false,
              "context": null,
              "code": "cy.get('.color').eq(1).then(function (color) {\n  var backgroundColor = color.css('background-color');\n  cy.wrap(color).click();\n  cy.get('.pixel').each(function (pixel) {\n    cy.wrap(pixel).click().should('have.css', 'background-color', backgroundColor);\n  });\n});\ncy.get('#clear-board').click();\ncy.get('.pixel').each(function (pixel) {\n  cy.wrap(pixel).should('have.css', 'background-color', WHITE);\n});",
              "err": {
                "message": "CypressError: Timed out retrying: Expected to find element: '.color', but never found it.",
                "estack": "CypressError: Timed out retrying: Expected to find element: '.color', but never found it.\n    at cypressErr (http://localhost:42885/__cypress/runner/cypress_runner.js:149934:9)\n    at throwErr (http://localhost:42885/__cypress/runner/cypress_runner.js:149867:11)\n    at Object.throwErrByPath (http://localhost:42885/__cypress/runner/cypress_runner.js:149915:3)\n    at retry (http://localhost:42885/__cypress/runner/cypress_runner.js:144197:19)\n    at onFailFn (http://localhost:42885/__cypress/runner/cypress_runner.js:132448:16)\n    at tryCatcher (http://localhost:42885/__cypress/runner/cypress_runner.js:167415:23)\n    at Promise._settlePromiseFromHandler (http://localhost:42885/__cypress/runner/cypress_runner.js:165351:31)\n    at Promise._settlePromise (http://localhost:42885/__cypress/runner/cypress_runner.js:165408:18)\n    at Promise._settlePromise0 (http://localhost:42885/__cypress/runner/cypress_runner.js:165453:10)\n    at Promise._settlePromises (http://localhost:42885/__cypress/runner/cypress_runner.js:165528:18)\n    at Async../node_modules/bluebird/js/release/async.js.Async._drainQueue (http://localhost:42885/__cypress/runner/cypress_runner.js:162140:16)\n    at Async../node_modules/bluebird/js/release/async.js.Async._drainQueues (http://localhost:42885/__cypress/runner/cypress_runner.js:162150:10)\n    at Async.drainQueues (http://localhost:42885/__cypress/runner/cypress_runner.js:162024:14)",
                "diff": null
              },
              "uuid": "98588afc-f2bd-401d-83d9-12e486ee71cb",
              "parentUUID": "7456756a-56a6-4883-bd78-cd1dc915f1e1",
              "isHook": false,
              "skipped": false
            }
          ],
          "suites": [],
          "passes": [],
          "failures": [
            "208fab17-bb8c-4ba8-adac-aac60e1b06f8",
            "d369bbde-dc41-4ce2-9e53-3cfd458c8b44",
[...]
                "diff": null
              },
              "uuid": "7ff0dc9a-c120-427e-80e2-67c4627382ba",
              "parentUUID": "01297ed4-5f0e-4545-8c61-0aff0ef182a1",
              "isHook": false,
              "skipped": false
            },
            {
              "title": "Verifica se o novo quadro tem todos os pixels preenchidos com a cor branca",
              "fullTitle": "10 - Faça o quadro de pixels ter seu tamanho definido pelo usuário. Verifica se o novo quadro tem todos os pixels preenchidos com a cor branca",
              "timedOut": null,
              "duration": 4219,
              "state": "failed",
              "speed": null,
              "pass": false,
              "fail": true,
              "pending": false,
              "context": null,
              "code": "cy.get('#board-size').clear().type(6);\ncy.get('#generate-board').click();\ncy.get('.pixel').should('have.length', 36).each(function (pixel) {\n  expect(pixel).to.have.css('background-color', WHITE);\n});",
              "err": {
                "message": "CypressError: Timed out retrying: Expected to find element: '#board-size', but never found it.",
                "estack": "CypressError: Timed out retrying: Expected to find element: '#board-size', but never found it.\n    at cypressErr (http://localhost:42885/__cypress/runner/cypress_runner.js:149934:9)\n    at throwErr (http://localhost:42885/__cypress/runner/cypress_runner.js:149867:11)\n    at Object.throwErrByPath (http://localhost:42885/__cypress/runner/cypress_runner.js:149915:3)\n    at retry (http://localhost:42885/__cypress/runner/cypress_runner.js:144197:19)\n    at onFailFn (http://localhost:42885/__cypress/runner/cypress_runner.js:132448:16)\n    at tryCatcher (http://localhost:42885/__cypress/runner/cypress_runner.js:167415:23)\n    at Promise._settlePromiseFromHandler (http://localhost:42885/__cypress/runner/cypress_runner.js:165351:31)\n    at Promise._settlePromise (http://localhost:42885/__cypress/runner/cypress_runner.js:165408:18)\n    at Promise._settlePromise0 (http://localhost:42885/__cypress/runner/cypress_runner.js:165453:10)\n    at Promise._settlePromises (http://localhost:42885/__cypress/runner/cypress_runner.js:165528:18)\n    at Async../node_modules/bluebird/js/release/async.js.Async._drainQueue (http://localhost:42885/__cypress/runner/cypress_runner.js:162140:16)\n    at Async../node_modules/bluebird/js/release/async.js.Async._drainQueues (http://localhost:42885/__cypress/runner/cypress_runner.js:162150:10)\n    at Async.drainQueues (http://localhost:42885/__cypress/runner/cypress_runner.js:162024:14)",
                "diff": null
              },
              "uuid": "14cf9058-c97e-4575-a639-a6af038eced7",
              "parentUUID": "01297ed4-5f0e-4545-8c61-0aff0ef182a1",
              "isHook": false,
              "skipped": false
            }
          ],
          "suites": [],
          "passes": [],
          "failures": [
            "89f79b2c-7256-4efe-944f-8280525d2c1c",
            "fac335f6-1e88-486d-9d21-508db743b62f",
            "10baf866-aaeb-4ab5-8706-17c47f826145",
            "4e111d76-3584-4067-8e0a-2428d9cdbb8d",
            "f9f13044-e925-4535-b6d8-82cbae4ae9fd",
            "f0d7d404-c102-4fa1-8cf2-1bc9a48a57f2",
            "5ab4d3d4-d1f0-4000-8aeb-9d57ccdd4eac",
            "7ff0dc9a-c120-427e-80e2-67c4627382ba",
            "14cf9058-c97e-4575-a639-a6af038eced7"
          ],
          "pending": [],
          "skipped": [],
          "duration": 38166,
          "root": false,
          "rootEmpty": false,
          "_timeout": 2000
        },
        {
          "uuid": "c52105de-004c-453b-a3ec-516aa72e7a38",
          "title": "11 - Limite o tamanho mínimo e máximo do board.",
          "fullFile": "",
          "file": "",
          "beforeHooks": [],
          "afterHooks": [],
          "tests": [
            {
              "title": "Verifica se a altura máxima do board é 50",
              "fullTitle": "11 - Limite o tamanho mínimo e máximo do board. Verifica se a altura máxima do board é 50",
              "timedOut": null,
              "duration": 4225,
              "state": "failed",
              "speed": null,
              "pass": false,
              "fail": true,
              "pending": false,
              "context": null,
              "code": "cy.get('#board-size').clear().type(50);\ncy.get('#generate-board').click();\ncy.get('.pixel').should('have.length', 2500);",
              "err": {
                "message": "CypressError: Timed out retrying: Expected to find element: '#board-size', but never found it.",
                "estack": "CypressError: Timed out retrying: Expected to find element: '#board-size', but never found it.\n    at cypressErr (http://localhost:42885/__cypress/runner/cypress_runner.js:149934:9)\n    at throwErr (http://localhost:42885/__cypress/runner/cypress_runner.js:149867:11)\n    at Object.throwErrByPath (http://localhost:42885/__cypress/runner/cypress_runner.js:149915:3)\n    at retry (http://localhost:42885/__cypress/runner/cypress_runner.js:144197:19)\n    at onFailFn (http://localhost:42885/__cypress/runner/cypress_runner.js:132448:16)\n    at tryCatcher (http://localhost:42885/__cypress/runner/cypress_runner.js:167415:23)\n    at Promise._settlePromiseFromHandler (http://localhost:42885/__cypress/runner/cypress_runner.js:165351:31)\n    at Promise._settlePromise (http://localhost:42885/__cypress/runner/cypress_runner.js:165408:18)\n    at Promise._settlePromise0 (http://localhost:42885/__cypress/runner/cypress_runner.js:165453:10)\n    at Promise._settlePromises (http://localhost:42885/__cypress/runner/cypress_runner.js:165528:18)\n    at Async../node_modules/bluebird/js/release/async.js.Async._drainQueue (http://localhost:42885/__cypress/runner/cypress_runner.js:162140:16)\n    at Async../node_modules/bluebird/js/release/async.js.Async._drainQueues (http://localhost:42885/__cypress/runner/cypress_runner.js:162150:10)\n    at Async.drainQueues (http://localhost:42885/__cypress/runner/cypress_runner.js:162024:14)",
                "diff": null
              },
              "uuid": "77ab2669-5ee6-407e-95e1-d75d4e5c1e12",
              "parentUUID": "c52105de-004c-453b-a3ec-516aa72e7a38",
              "isHook": false,
              "skipped": false
            },
            {
              "title": "Verifica se a altura do board é 5 quando um valor menor é colocado no input",
              "fullTitle": "11 - Limite o tamanho mínimo e máximo do board. Verifica se a altura do board é 5 quando um valor menor é colocado no input",
              "timedOut": null,
              "duration": 4213,
              "state": "failed",
              "speed": null,
              "pass": false,
              "fail": true,
              "pending": false,
              "context": null,
              "code": "cy.get('#board-size').clear().type(4);\ncy.get('#generate-board').click();\ncy.get('.pixel').should('have.length', 25);",
              "err": {
                "message": "CypressError: Timed out retrying: Expected to find element: '#board-size', but never found it.",
                "estack": "CypressError: Timed out retrying: Expected to find element: '#board-size', but never found it.\n    at cypressErr (http://localhost:42885/__cypress/runner/cypress_runner.js:149934:9)\n    at throwErr (http://localhost:42885/__cypress/runner/cypress_runner.js:149867:11)\n    at Object.throwErrByPath (http://localhost:42885/__cypress/runner/cypress_runner.js:149915:3)\n    at retry (http://localhost:42885/__cypress/runner/cypress_runner.js:144197:19)\n    at onFailFn (http://localhost:42885/__cypress/runner/cypress_runner.js:132448:16)\n    at tryCatcher (http://localhost:42885/__cypress/runner/cypress_runner.js:167415:23)\n    at Promise._settlePromiseFromHandler (http://localhost:42885/__cypress/runner/cypress_runner.js:165351:31)\n    at Promise._settlePromise (http://localhost:42885/__cypress/runner/cypress_runner.js:165408:18)\n    at Promise._settlePromise0 (http://localhost:42885/__cypress/runner/cypress_runner.js:165453:10)\n    at Promise._settlePromises (http://localhost:42885/__cypress/runner/cypress_runner.js:165528:18)\n    at Async../node_modules/bluebird/js/release/async.js.Async._drainQueue (http://localhost:42885/__cypress/runner/cypress_runner.js:162140:16)\n    at Async../node_modules/bluebird/js/release/async.js.Async._drainQueues (http://localhost:42885/__cypress/runner/cypress_runner.js:162150:10)\n    at Async.drainQueues (http://localhost:42885/__cypress/runner/cypress_runner.js:162024:14)",
                "diff": null
              },
              "uuid": "331faa36-4612-4f38-8391-572b82ab8290",
              "parentUUID": "c52105de-004c-453b-a3ec-516aa72e7a38",
              "isHook": false,
              "skipped": false
            },
            {
              "title": "Verifica se a altura do board é 50 quando um valor maior é colocado no input",
              "fullTitle": "11 - Limite o tamanho mínimo e máximo do board. Verifica se a altura do board é 50 quando um valor maior é colocado no input",
              "timedOut": null,
              "duration": 4355,
              "state": "failed",
              "speed": null,
              "pass": false,
              "fail": true,
              "pending": false,
              "context": null,
              "code": "cy.get('#board-size').clear().type(51);\ncy.get('#generate-board').click();\ncy.get('.pixel').should('have.length', 2500);",
              "err": {
                "message": "CypressError: Timed out retrying: Expected to find element: '#board-size', but never found it.",
                "estack": "CypressError: Timed out retrying: Expected to find element: '#board-size', but never found it.\n    at cypressErr (http://localhost:42885/__cypress/runner/cypress_runner.js:149934:9)\n    at throwErr (http://localhost:42885/__cypress/runner/cypress_runner.js:149867:11)\n    at Object.throwErrByPath (http://localhost:42885/__cypress/runner/cypress_runner.js:149915:3)\n    at retry (http://localhost:42885/__cypress/runner/cypress_runner.js:144197:19)\n    at onFailFn (http://localhost:42885/__cypress/runner/cypress_runner.js:132448:16)\n    at tryCatcher (http://localhost:42885/__cypress/runner/cypress_runner.js:167415:23)\n    at Promise._settlePromiseFromHandler (http://localhost:42885/__cypress/runner/cypress_runner.js:165351:31)\n    at Promise._settlePromise (http://localhost:42885/__cypress/runner/cypress_runner.js:165408:18)\n    at Promise._settlePromise0 (http://localhost:42885/__cypress/runner/cypress_runner.js:165453:10)\n    at Promise._settlePromises (http://localhost:42885/__cypress/runner/cypress_runner.js:165528:18)\n    at Async../node_modules/bluebird/js/release/async.js.Async._drainQueue (http://localhost:42885/__cypress/runner/cypress_runner.js:162140:16)\n    at Async../node_modules/bluebird/js/release/async.js.Async._drainQueues (http://localhost:42885/__cypress/runner/cypress_runner.js:162150:10)\n    at Async.drainQueues (http://localhost:42885/__cypress/runner/cypress_runner.js:162024:14)",
                "diff": null
              },
              "uuid": "7d0fe266-ca3a-4f6d-8bd8-d671d8f36141",
              "parentUUID": "c52105de-004c-453b-a3ec-516aa72e7a38",
              "isHook": false,
              "skipped": false
            }
          ],
          "suites": [],
          "passes": [],
          "failures": [
            "77ab2669-5ee6-407e-95e1-d75d4e5c1e12",
            "331faa36-4612-4f38-8391-572b82ab8290",
            "7d0fe266-ca3a-4f6d-8bd8-d671d8f36141"
          ],
          "pending": [],
          "skipped": [],
          "duration": 12793,
          "root": false,
          "rootEmpty": false,
          "_timeout": 2000
        },
        {
          "uuid": "cbc3e1c3-70a0-495c-9cb9-192d1e9a384b",
          "title": "12 - Faça com que as cores da paleta sejam geradas aleatoriamente ao carregar a página.",
          "fullFile": "",
          "file": "",
          "beforeHooks": [],
          "afterHooks": [],
          "tests": [
            {
              "title": "Verifica se as cores geradas na paleta são diferentes a cada carregamento da página",
              "fullTitle": "12 - Faça com que as cores da paleta sejam geradas aleatoriamente ao carregar a página. Verifica se as cores geradas na paleta são diferentes a cada carregamento da página",
              "timedOut": null,
              "duration": 4255,
              "state": "failed",
              "speed": null,
              "pass": false,
              "fail": true,
              "pending": false,
              "context": null,
              "code": "cy.get('.color').then(function (colors) {\n  var currentColors;\n  var previousColors;\n  previousColors = Array.from(colors).map(function (color) {\n    return Cypress.$(color).css('background-color');\n  });\n  for (var i = 0; i < 5; i += 1) {\n    cy.reload();\n    cy.get('.color').then(function (colors) {\n      currentColors = Array.from(colors).map(function (color) {\n        return Cypress.$(color).css('background-color');\n      });\n      expect(currentColors).not.to.deep.equal(previousColors);\n      previousColors = currentColors;\n    });\n  }\n});",
              "err": {
                "message": "CypressError: Timed out retrying: Expected to find element: '.color', but never found it.",
                "estack": "CypressError: Timed out retrying: Expected to find element: '.color', but never found it.\n    at cypressErr (http://localhost:42885/__cypress/runner/cypress_runner.js:149934:9)\n    at throwErr (http://localhost:42885/__cypress/runner/cypress_runner.js:149867:11)\n    at Object.throwErrByPath (http://localhost:42885/__cypress/runner/cypress_runner.js:149915:3)\n    at retry (http://localhost:42885/__cypress/runner/cypress_runner.js:144197:19)\n    at onFailFn (http://localhost:42885/__cypress/runner/cypress_runner.js:132448:16)\n    at tryCatcher (http://localhost:42885/__cypress/runner/cypress_runner.js:167415:23)\n    at Promise._settlePromiseFromHandler (http://localhost:42885/__cypress/runner/cypress_runner.js:165351:31)\n    at Promise._settlePromise (http://localhost:42885/__cypress/runner/cypress_runner.js:165408:18)\n    at Promise._settlePromise0 (http://localhost:42885/__cypress/runner/cypress_runner.js:165453:10)\n    at Promise._settlePromises (http://localhost:42885/__cypress/runner/cypress_runner.js:165528:18)\n    at Async../node_modules/bluebird/js/release/async.js.Async._drainQueue (http://localhost:42885/__cypress/runner/cypress_runner.js:162140:16)\n    at Async../node_modules/bluebird/js/release/async.js.Async._drainQueues (http://localhost:42885/__cypress/runner/cypress_runner.js:162150:10)\n    at Async.drainQueues (http://localhost:42885/__cypress/runner/cypress_runner.js:162024:14)",
                "diff": null
              },
              "uuid": "416cb07c-0d5d-4828-ad2d-a6494159e32e",
              "parentUUID": "cbc3e1c3-70a0-495c-9cb9-192d1e9a384b",
              "isHook": false,
              "skipped": false
            },
            {
              "title": "Verifica se a cor preta ainda está presente e é a primeira na sua paleta de cores",
              "fullTitle": "12 - Faça com que as cores da paleta sejam geradas aleatoriamente ao carregar a página. Verifica se a cor preta ainda está presente e é a primeira na sua paleta de cores",
              "timedOut": null,
              "duration": 4411,
              "state": "failed",
              "speed": null,
              "pass": false,
              "fail": true,
              "pending": false,
              "context": null,
              "code": "cy.get('.color').then(function (colors) {\n  var currentColors;\n  var previousColors;\n  previousColors = Array.from(colors).map(function (color) {\n    return Cypress.$(color).css('background-color');\n  });\n  expect(previousColors[0]).to.eq(BLACK);\n  for (var i = 0; i < 5; i += 1) {\n    cy.reload();\n    cy.get('.color').then(function (colors) {\n      currentColors = Array.from(colors).map(function (color) {\n        return Cypress.$(color).css('background-color');\n      });\n      expect(currentColors[0]).to.eq(BLACK);\n      expect(currentColors).not.to.deep.equal(previousColors);\n      previousColors = currentColors;\n    });\n  }\n});",
              "err": {
                "message": "CypressError: Timed out retrying: Expected to find element: '.color', but never found it.",
                "estack": "CypressError: Timed out retrying: Expected to find element: '.color', but never found it.\n    at cypressErr (http://localhost:42885/__cypress/runner/cypress_runner.js:149934:9)\n    at throwErr (http://localhost:42885/__cypress/runner/cypress_runner.js:149867:11)\n    at Object.throwErrByPath (http://localhost:42885/__cypress/runner/cypress_runner.js:149915:3)\n    at retry (http://localhost:42885/__cypress/runner/cypress_runner.js:144197:19)\n    at onFailFn (http://localhost:42885/__cypress/runner/cypress_runner.js:132448:16)\n    at tryCatcher (http://localhost:42885/__cypress/runner/cypress_runner.js:167415:23)\n    at Promise._settlePromiseFromHandler (http://localhost:42885/__cypress/runner/cypress_runner.js:165351:31)\n    at Promise._settlePromise (http://localhost:42885/__cypress/runner/cypress_runner.js:165408:18)\n    at Promise._settlePromise0 (http://localhost:42885/__cypress/runner/cypress_runner.js:165453:10)\n    at Promise._settlePromises (http://localhost:42885/__cypress/runner/cypress_runner.js:165528:18)\n    at Async../node_modules/bluebird/js/release/async.js.Async._drainQueue (http://localhost:42885/__cypress/runner/cypress_runner.js:162140:16)\n    at Async../node_modules/bluebird/js/release/async.js.Async._drainQueues (http://localhost:42885/__cypress/runner/cypress_runner.js:162150:10)\n    at Async.drainQueues (http://localhost:42885/__cypress/runner/cypress_runner.js:162024:14)",
                "diff": null
              },
              "uuid": "a0396a20-1daf-41fc-9c3c-35a347398bf8",
              "parentUUID": "cbc3e1c3-70a0-495c-9cb9-192d1e9a384b",
              "isHook": false,
              "skipped": false
            }
          ],
          "suites": [],
          "passes": [],
          "failures": [
            "416cb07c-0d5d-4828-ad2d-a6494159e32e",
            "a0396a20-1daf-41fc-9c3c-35a347398bf8"
          ],
          "pending": [],
          "skipped": [],
          "duration": 8666,
          "root": false,
          "rootEmpty": false,
          "_timeout": 2000
        }
      ],
      "passes": [],
      "failures": [],
      "pending": [],
      "skipped": [],
      "duration": 0,
      "root": true,
      "rootEmpty": true,
      "_timeout": 2000
    }
  ],
  "meta": {
    "mocha": {
      "version": "7.0.1"
    },
    "mochawesome": {
      "options": {
        "quiet": false,
        "reportFilename": "mochawesome",
        "saveHtml": false,
        "saveJson": true,
        "consoleReporter": "spec",
        "useInlineDiffs": false
      },
      "version": "4.1.0"
    },
    "marge": {
      "options": {
        "id": "default",
        "reportDir": "cypress/reports",
        "overwrite": true,
        "html": false,
        "json": true
      },
      "version": "4.1.0"
    }
  }
}